#
# A fatal error has been detected by the Java Runtime Environment:
#
#  EXCEPTION_ACCESS_VIOLATION (0xc0000005) at pc=0x00007ffa58ebc511, pid=3176, tid=0x0000000000002818
#
# JRE version: Java(TM) SE Runtime Environment (8.0_144-b01) (build 1.8.0_144-b01)
# Java VM: Java HotSpot(TM) 64-Bit Server VM (25.144-b01 mixed mode windows-amd64 compressed oops)
# Problematic frame:
# C  [msctfuimanager.dll+0xc511]
#
# Failed to write core dump. Minidumps are not enabled by default on client versions of Windows
#
# If you would like to submit a bug report, please visit:
#   http://bugreport.java.com/bugreport/crash.jsp
# The crash happened outside the Java Virtual Machine in native code.
# See problematic frame for where to report the bug.
#

---------------  T H R E A D  ---------------

Current thread (0x0000000016f97000):  JavaThread "AWT-Windows" daemon [_thread_in_native, id=10264, stack(0x0000000018420000,0x0000000018520000)]

siginfo: ExceptionCode=0xc0000005, reading address 0x0000000000000018

Registers:
RAX=0x0000000000000000, RBX=0x000000001e121cb0, RCX=0x000000001db71820, RDX=0x000000001851d7f0
RSP=0x000000001851d790, RBP=0x000000001851d7d0, RSI=0x000000001db71820, RDI=0x000000001db71820
R8 =0x0000000000000000, R9 =0x0000000000000003, R10=0x0000000000000000, R11=0x0000000000000246
R12=0x000000001851dc78, R13=0x0000000000000000, R14=0x000000001e11a2b8, R15=0x0000000000000050
RIP=0x00007ffa58ebc511, EFLAGS=0x0000000000010246

Top of Stack: (sp=0x000000001851d790)
0x000000001851d790:   0000000700000665 00007ffa00000000
0x000000001851d7a0:   0000000000000050 0000000000616db8
0x000000001851d7b0:   0000000000000804 00007ffa58ec8462
0x000000001851d7c0:   0000000000000000 0000000000000804
0x000000001851d7d0:   000000001db71820 000000001e121cb0
0x000000001851d7e0:   000000001851d8f0 00007ffa58ebbb6c
0x000000001851d7f0:   0000000000000000 0000000000000000
0x000000001851d800:   000000001851d8f0 0000000000000003
0x000000001851d810:   0000000000000000 00007ffa68229200
0x000000001851d820:   0000000000000282 0000000000000004
0x000000001851d830:   0000000000000018 0000000000fe9b78
0x000000001851d840:   0000000300000000 0000000300000000
0x000000001851d850:   0000000000000000 0000000000000000
0x000000001851d860:   0000000000000018 00007ffa58f03f20
0x000000001851d870:   000000001851dc78 000000001851dc98
0x000000001851d880:   0000000000000665 0000000000000007 

Instructions: (pc=0x00007ffa58ebc511)
0x00007ffa58ebc4f1:   09 00 00 44 8b cb e8 2c 5c ff ff 8b c3 e9 43 01
0x00007ffa58ebc501:   00 00 48 8b 02 48 8b ce 83 65 20 00 48 8d 55 20
0x00007ffa58ebc511:   48 8b 40 18 ff 15 85 24 04 00 8b f8 85 c0 79 1d
0x00007ffa58ebc521:   48 8b 4d 18 4c 8d 05 8c 44 04 00 44 8b c8 ba ae 


Register to memory mapping:

RAX=0x0000000000000000 is an unknown value
RBX=0x000000001e121cb0 is an unknown value
RCX=0x000000001db71820 is an unknown value
RDX=0x000000001851d7f0 is pointing into the stack for thread: 0x0000000016f97000
RSP=0x000000001851d790 is pointing into the stack for thread: 0x0000000016f97000
RBP=0x000000001851d7d0 is pointing into the stack for thread: 0x0000000016f97000
RSI=0x000000001db71820 is an unknown value
RDI=0x000000001db71820 is an unknown value
R8 =0x0000000000000000 is an unknown value
R9 =0x0000000000000003 is an unknown value
R10=0x0000000000000000 is an unknown value
R11=0x0000000000000246 is an unknown value
R12=0x000000001851dc78 is pointing into the stack for thread: 0x0000000016f97000
R13=0x0000000000000000 is an unknown value
R14=0x000000001e11a2b8 is an unknown value
R15=0x0000000000000050 is an unknown value


Stack: [0x0000000018420000,0x0000000018520000],  sp=0x000000001851d790,  free space=1013k
Native frames: (J=compiled Java code, j=interpreted, Vv=VM code, C=native code)
C  [msctfuimanager.dll+0xc511]
C  [msctfuimanager.dll+0xbb6c]
C  [msctfuimanager.dll+0xcc38]
C  [msctfuimanager.dll+0x473a]
C  [MSCTF.dll+0xa2970]
C  [MSCTF.dll+0x9d3f0]
C  [MSCTF.dll+0x6740b]
C  [MSCTF.dll+0x49d2d]
C  [MSCTF.dll+0x56ab5]
C  [MSCTF.dll+0x8b19f]
C  [MSCTF.dll+0xa147c]
C  [MSCTF.dll+0x9d2b4]
C  [MSCTF.dll+0x2cbeb]
C  [MSCTF.dll+0x27244]
C  [MSCTF.dll+0x31c30]
C  [MSCTF.dll+0x34a14]
C  [MSCTF.dll+0x2b712]
C  [MSCTF.dll+0x28655]
C  [MSCTF.dll+0xa3c38]
C  [MSCTF.dll+0x67266]
C  [MSCTF.dll+0x49d2d]
C  [MSCTF.dll+0x56ae9]
C  [MSCTF.dll+0x60633]
C  [USER32.dll+0xbc50]
C  [USER32.dll+0xb5cf]
C  [awt.dll+0xcc6fc]
C  [awt.dll+0xcc9ab]
C  0x0000000003237f74

Java frames: (J=compiled Java code, j=interpreted, Vv=VM code)
j  sun.awt.windows.WToolkit.eventLoop()V+0
j  sun.awt.windows.WToolkit.run()V+58
j  java.lang.Thread.run()V+11
v  ~StubRoutines::call_stub

---------------  P R O C E S S  ---------------

Java Threads: ( => current thread )
  0x0000000017d9d000 JavaThread "TimerQueue" daemon [_thread_blocked, id=7676, stack(0x000000001ea60000,0x000000001eb60000)]
  0x0000000017c7e800 JavaThread "D3D Screen Updater" daemon [_thread_in_native, id=15136, stack(0x000000001ded0000,0x000000001dfd0000)]
  0x0000000003120800 JavaThread "DestroyJavaVM" [_thread_blocked, id=7532, stack(0x0000000003020000,0x0000000003120000)]
  0x0000000017a77800 JavaThread "AWT-EventQueue-0" [_thread_blocked, id=2592, stack(0x000000001d1d0000,0x000000001d2d0000)]
=>0x0000000016f97000 JavaThread "AWT-Windows" daemon [_thread_in_native, id=10264, stack(0x0000000018420000,0x0000000018520000)]
  0x0000000016f94000 JavaThread "AWT-Shutdown" [_thread_blocked, id=5560, stack(0x0000000018320000,0x0000000018420000)]
  0x0000000017a33800 JavaThread "Java2D Disposer" daemon [_thread_blocked, id=10244, stack(0x00000000181f0000,0x00000000182f0000)]
  0x0000000016c66000 JavaThread "Service Thread" daemon [_thread_blocked, id=4516, stack(0x00000000174e0000,0x00000000175e0000)]
  0x00000000158af000 JavaThread "C1 CompilerThread2" daemon [_thread_blocked, id=12464, stack(0x00000000173e0000,0x00000000174e0000)]
  0x00000000158aa800 JavaThread "C2 CompilerThread1" daemon [_thread_blocked, id=13816, stack(0x00000000172e0000,0x00000000173e0000)]
  0x00000000158a7800 JavaThread "C2 CompilerThread0" daemon [_thread_blocked, id=12860, stack(0x00000000171e0000,0x00000000172e0000)]
  0x0000000016c23000 JavaThread "Attach Listener" daemon [_thread_blocked, id=4784, stack(0x00000000170e0000,0x00000000171e0000)]
  0x0000000016c22800 JavaThread "Signal Dispatcher" daemon [_thread_blocked, id=7340, stack(0x0000000016fe0000,0x00000000170e0000)]
  0x000000001587a000 JavaThread "Finalizer" daemon [_thread_blocked, id=10868, stack(0x0000000016ae0000,0x0000000016be0000)]
  0x000000000320f000 JavaThread "Reference Handler" daemon [_thread_blocked, id=5784, stack(0x00000000169e0000,0x0000000016ae0000)]

Other Threads:
  0x0000000015858000 VMThread [stack: 0x00000000168e0000,0x00000000169e0000] [id=6164]
  0x0000000016cb6000 WatcherThread [stack: 0x00000000175e0000,0x00000000176e0000] [id=11772]

VM state:not at safepoint (normal execution)

VM Mutex/Monitor currently owned by a thread: None

Heap:
 PSYoungGen      total 18944K, used 14812K [0x00000000eae00000, 0x00000000ec300000, 0x0000000100000000)
  eden space 16384K, 90% used [0x00000000eae00000,0x00000000ebc77148,0x00000000ebe00000)
  from space 2560K, 0% used [0x00000000ec080000,0x00000000ec080000,0x00000000ec300000)
  to   space 2560K, 0% used [0x00000000ebe00000,0x00000000ebe00000,0x00000000ec080000)
 ParOldGen       total 44032K, used 0K [0x00000000c0a00000, 0x00000000c3500000, 0x00000000eae00000)
  object space 44032K, 0% used [0x00000000c0a00000,0x00000000c0a00000,0x00000000c3500000)
 Metaspace       used 12129K, capacity 12328K, committed 12544K, reserved 1060864K
  class space    used 1597K, capacity 1674K, committed 1792K, reserved 1048576K

Card table byte_map: [0x00000000125e0000,0x00000000127e0000] byte_map_base: 0x0000000011fdb000

Marking Bits: (ParMarkBitMap*) 0x0000000062efd850
 Begin Bits: [0x0000000012d40000, 0x0000000013d18000)
 End Bits:   [0x0000000013d18000, 0x0000000014cf0000)

Polling page: 0x0000000001390000

CodeCache: size=245760Kb used=2683Kb max_used=2683Kb free=243076Kb
 bounds [0x0000000003220000, 0x00000000034c0000, 0x0000000012220000]
 total_blobs=1290 nmethods=773 adapters=430
 compilation: enabled

Compilation events (10 events):
Event: 3.803 Thread 0x00000000158af000  769       3       sun.java2d.pipe.RenderQueue::ensureCapacityAndAlignment (13 bytes)
Event: 3.804 Thread 0x00000000158af000 nmethod 769 0x00000000034bdc90 code [0x00000000034bde20, 0x00000000034be568]
Event: 3.805 Thread 0x00000000158af000  770       3       java.awt.EventQueue::uncacheEQItem (53 bytes)
Event: 3.805 Thread 0x00000000158af000 nmethod 770 0x00000000034be7d0 code [0x00000000034be960, 0x00000000034bf028]
Event: 3.806 Thread 0x00000000158af000  771       1       sun.util.locale.StringTokenIterator::current (5 bytes)
Event: 3.806 Thread 0x00000000158af000 nmethod 771 0x00000000034bf210 code [0x00000000034bf360, 0x00000000034bf470]
Event: 3.807 Thread 0x00000000158af000  772       3       java.awt.Rectangle::isEmpty (20 bytes)
Event: 3.807 Thread 0x00000000158af000 nmethod 772 0x00000000034bf4d0 code [0x00000000034bf620, 0x00000000034bf810]
Event: 3.807 Thread 0x00000000158af000  773       3       sun.java2d.pipe.Region::isInsideXYXY (39 bytes)
Event: 3.807 Thread 0x00000000158af000 nmethod 773 0x00000000034bf890 code [0x00000000034bfa00, 0x00000000034bfc70]

GC Heap History (0 events):
No events

Deoptimization events (6 events):
Event: 0.416 Thread 0x0000000003120800 Uncommon trap: reason=class_check action=maybe_recompile pc=0x0000000003392928 method=java.lang.String.equals(Ljava/lang/Object;)Z @ 8
Event: 0.416 Thread 0x0000000003120800 Uncommon trap: reason=class_check action=maybe_recompile pc=0x0000000003392928 method=java.lang.String.equals(Ljava/lang/Object;)Z @ 8
Event: 0.416 Thread 0x0000000003120800 Uncommon trap: reason=class_check action=maybe_recompile pc=0x0000000003392928 method=java.lang.String.equals(Ljava/lang/Object;)Z @ 8
Event: 0.416 Thread 0x0000000003120800 Uncommon trap: reason=class_check action=maybe_recompile pc=0x0000000003392928 method=java.lang.String.equals(Ljava/lang/Object;)Z @ 8
Event: 2.108 Thread 0x0000000017a77800 Uncommon trap: reason=unstable_if action=reinterpret pc=0x000000000345f7ec method=java.io.BufferedInputStream.read()I @ 8
Event: 2.657 Thread 0x0000000017a77800 Uncommon trap: reason=unstable_if action=reinterpret pc=0x0000000003461300 method=java.lang.CharacterData.of(I)Ljava/lang/CharacterData; @ 4

Internal exceptions (10 events):
Event: 0.109 Thread 0x0000000003120800 Exception <a 'java/security/PrivilegedActionException'> (0x00000000eaf24540) thrown at [C:\re\workspace\8-2-build-windows-amd64-cygwin\jdk8u144\9417\hotspot\src\share\vm\prims\jvm.cpp, line 1390]
Event: 0.109 Thread 0x0000000003120800 Exception <a 'java/security/PrivilegedActionException'> (0x00000000eaf24750) thrown at [C:\re\workspace\8-2-build-windows-amd64-cygwin\jdk8u144\9417\hotspot\src\share\vm\prims\jvm.cpp, line 1390]
Event: 0.110 Thread 0x0000000003120800 Exception <a 'java/security/PrivilegedActionException'> (0x00000000eaf283c0) thrown at [C:\re\workspace\8-2-build-windows-amd64-cygwin\jdk8u144\9417\hotspot\src\share\vm\prims\jvm.cpp, line 1390]
Event: 0.110 Thread 0x0000000003120800 Exception <a 'java/security/PrivilegedActionException'> (0x00000000eaf285d0) thrown at [C:\re\workspace\8-2-build-windows-amd64-cygwin\jdk8u144\9417\hotspot\src\share\vm\prims\jvm.cpp, line 1390]
Event: 0.118 Thread 0x0000000003120800 Exception <a 'java/io/FileNotFoundException'> (0x00000000eaf34a70) thrown at [C:\re\workspace\8-2-build-windows-amd64-cygwin\jdk8u144\9417\hotspot\src\share\vm\prims\jni.cpp, line 709]
Event: 0.148 Thread 0x0000000003120800 Exception <a 'java/lang/NoSuchFieldError': method resolution failed> (0x00000000eb002068) thrown at [C:\re\workspace\8-2-build-windows-amd64-cygwin\jdk8u144\9417\hotspot\src\share\vm\prims\methodHandles.cpp, line 1146]
Event: 0.149 Thread 0x0000000003120800 Exception <a 'java/lang/NoSuchFieldError': method resolution failed> (0x00000000eb00f438) thrown at [C:\re\workspace\8-2-build-windows-amd64-cygwin\jdk8u144\9417\hotspot\src\share\vm\prims\methodHandles.cpp, line 1146]
Event: 0.182 Thread 0x0000000003120800 Exception <a 'java/io/FileNotFoundException'> (0x00000000eb0a3920) thrown at [C:\re\workspace\8-2-build-windows-amd64-cygwin\jdk8u144\9417\hotspot\src\share\vm\prims\jni.cpp, line 709]
Event: 0.371 Thread 0x0000000003120800 Exception <a 'java/io/FileNotFoundException'> (0x00000000eb2f6b18) thrown at [C:\re\workspace\8-2-build-windows-amd64-cygwin\jdk8u144\9417\hotspot\src\share\vm\prims\jni.cpp, line 709]
Event: 0.371 Thread 0x0000000003120800 Exception <a 'java/lang/NullPointerException'> (0x00000000eb2f7150) thrown at [C:\re\workspace\8-2-build-windows-amd64-cygwin\jdk8u144\9417\hotspot\src\share\vm\interpreter\linkResolver.cpp, line 1197]

Events (10 events):
Event: 3.096 loading class java/util/Vector$1
Event: 3.096 loading class java/util/Vector$1 done
Event: 3.096 loading class java/awt/Window$1DisposeAction
Event: 3.096 loading class java/awt/Window$1DisposeAction done
Event: 3.097 loading class java/awt/KeyboardFocusManager$2
Event: 3.097 loading class java/awt/KeyboardFocusManager$2 done
Event: 3.097 loading class sun/awt/SunToolkit$1
Event: 3.097 loading class sun/awt/SunToolkit$1 done
Event: 3.102 loading class javax/swing/Autoscroller
Event: 3.102 loading class javax/swing/Autoscroller done


Dynamic libraries:
0x00007ff719620000 - 0x00007ff719657000 	C:\Program Files\Java\jre1.8.0_144\bin\javaw.exe
0x00007ffa68c30000 - 0x00007ffa68e0b000 	C:\WINDOWS\SYSTEM32\ntdll.dll
0x00007ffa66b30000 - 0x00007ffa66bde000 	C:\WINDOWS\System32\KERNEL32.DLL
0x00007ffa65d70000 - 0x00007ffa65fb9000 	C:\WINDOWS\System32\KERNELBASE.dll
0x00007ffa66980000 - 0x00007ffa66a21000 	C:\WINDOWS\System32\ADVAPI32.dll
0x00007ffa68b30000 - 0x00007ffa68bcd000 	C:\WINDOWS\System32\msvcrt.dll
0x00007ffa66910000 - 0x00007ffa66969000 	C:\WINDOWS\System32\sechost.dll
0x00007ffa66360000 - 0x00007ffa66485000 	C:\WINDOWS\System32\RPCRT4.dll
0x00007ffa68220000 - 0x00007ffa6836a000 	C:\WINDOWS\System32\USER32.dll
0x00007ffa65350000 - 0x00007ffa6536e000 	C:\WINDOWS\System32\win32u.dll
0x00007ffa683e0000 - 0x00007ffa68407000 	C:\WINDOWS\System32\GDI32.dll
0x00007ffa65440000 - 0x00007ffa655c7000 	C:\WINDOWS\System32\gdi32full.dll
0x00007ffa655d0000 - 0x00007ffa6566a000 	C:\WINDOWS\System32\msvcp_win.dll
0x00007ffa651a0000 - 0x00007ffa65296000 	C:\WINDOWS\System32\ucrtbase.dll
0x00007ffa5b1b0000 - 0x00007ffa5b417000 	C:\WINDOWS\WinSxS\amd64_microsoft.windows.common-controls_6595b64144ccf1df_6.0.15063.483_none_26002d27e7c744a2\COMCTL32.dll
0x00007ffa66490000 - 0x00007ffa66789000 	C:\WINDOWS\System32\combase.dll
0x00007ffa653d0000 - 0x00007ffa6543a000 	C:\WINDOWS\System32\bcryptPrimitives.dll
0x00007ffa684c0000 - 0x00007ffa684ed000 	C:\WINDOWS\System32\IMM32.DLL
0x0000000063160000 - 0x0000000063232000 	C:\Program Files\Java\jre1.8.0_144\bin\msvcr100.dll
0x00000000626e0000 - 0x0000000062f7d000 	C:\Program Files\Java\jre1.8.0_144\bin\server\jvm.dll
0x00007ffa667b0000 - 0x00007ffa667b8000 	C:\WINDOWS\System32\PSAPI.DLL
0x00007ffa5e580000 - 0x00007ffa5e58a000 	C:\WINDOWS\SYSTEM32\VERSION.dll
0x00007ffa63170000 - 0x00007ffa63193000 	C:\WINDOWS\SYSTEM32\WINMM.dll
0x00007ffa61f50000 - 0x00007ffa61f59000 	C:\WINDOWS\SYSTEM32\WSOCK32.dll
0x00007ffa68370000 - 0x00007ffa683dc000 	C:\WINDOWS\System32\WS2_32.dll
0x00007ffa63140000 - 0x00007ffa6316b000 	C:\WINDOWS\SYSTEM32\WINMMBASE.dll
0x00007ffa65150000 - 0x00007ffa65199000 	C:\WINDOWS\System32\cfgmgr32.dll
0x0000000063150000 - 0x000000006315f000 	C:\Program Files\Java\jre1.8.0_144\bin\verify.dll
0x0000000063120000 - 0x0000000063149000 	C:\Program Files\Java\jre1.8.0_144\bin\java.dll
0x0000000063100000 - 0x0000000063116000 	C:\Program Files\Java\jre1.8.0_144\bin\zip.dll
0x00007ffa66c70000 - 0x00007ffa680a6000 	C:\WINDOWS\System32\SHELL32.dll
0x00007ffa68410000 - 0x00007ffa684ba000 	C:\WINDOWS\System32\shcore.dll
0x00007ffa65670000 - 0x00007ffa65d61000 	C:\WINDOWS\System32\windows.storage.dll
0x00007ffa684f0000 - 0x00007ffa68541000 	C:\WINDOWS\System32\shlwapi.dll
0x00007ffa650c0000 - 0x00007ffa650d1000 	C:\WINDOWS\System32\kernel.appcore.dll
0x00007ffa650e0000 - 0x00007ffa6512c000 	C:\WINDOWS\System32\powrprof.dll
0x00007ffa650a0000 - 0x00007ffa650b5000 	C:\WINDOWS\System32\profapi.dll
0x0000000062540000 - 0x00000000626d8000 	C:\Program Files\Java\jre1.8.0_144\bin\awt.dll
0x00007ffa66190000 - 0x00007ffa66250000 	C:\WINDOWS\System32\OLEAUT32.dll
0x00007ffa63750000 - 0x00007ffa637ce000 	C:\WINDOWS\SYSTEM32\apphelp.dll
0x00007ffa622c0000 - 0x00007ffa622ea000 	C:\WINDOWS\system32\DWMAPI.DLL
0x00007ffa63920000 - 0x00007ffa639b5000 	C:\WINDOWS\system32\uxtheme.dll
0x00007ffa503b0000 - 0x00007ffa504d1000 	C:\WINDOWS\system32\opengl32.dll
0x00007ffa54540000 - 0x00007ffa5456c000 	C:\WINDOWS\SYSTEM32\GLU32.dll
0x00007ffa680b0000 - 0x00007ffa68216000 	C:\WINDOWS\System32\MSCTF.dll
0x00007ffa4aa90000 - 0x00007ffa4ab3b000 	C:\Users\57853\AppData\Roaming\pcmaster\winguard\winguard_x64.dll
0x00007ffa667c0000 - 0x00007ffa66905000 	C:\WINDOWS\System32\ole32.dll
0x00007ffa5e690000 - 0x00007ffa5e857000 	C:\WINDOWS\SYSTEM32\urlmon.dll
0x00007ffa5bfc0000 - 0x00007ffa5c02b000 	C:\WINDOWS\SYSTEM32\OLEACC.dll
0x00007ffa539e0000 - 0x00007ffa53d0e000 	C:\WINDOWS\SYSTEM32\WININET.dll
0x00007ffa5ebb0000 - 0x00007ffa5ee3a000 	C:\WINDOWS\SYSTEM32\iertutil.dll
0x00007ffa64b10000 - 0x00007ffa64b1b000 	C:\WINDOWS\SYSTEM32\CRYPTBASE.DLL
0x00007ffa48260000 - 0x00007ffa483e9000 	C:\WINDOWS\system32\d3d9.dll
0x00007ffa5e590000 - 0x00007ffa5e671000 	C:\WINDOWS\System32\DriverStore\FileRepository\nvlei.inf_amd64_6c36b5089b6182e9\nvldumdx.dll
0x00007ffa65fc0000 - 0x00007ffa66189000 	C:\WINDOWS\System32\crypt32.dll
0x00007ffa65130000 - 0x00007ffa65141000 	C:\WINDOWS\System32\MSASN1.dll
0x00007ffa65370000 - 0x00007ffa653c6000 	C:\WINDOWS\System32\WINTRUST.DLL
0x00007ffa66790000 - 0x00007ffa667ad000 	C:\WINDOWS\System32\imagehlp.dll
0x00007ffa64af0000 - 0x00007ffa64b07000 	C:\WINDOWS\SYSTEM32\CRYPTSP.dll
0x00007ffa64570000 - 0x00007ffa645a4000 	C:\WINDOWS\system32\rsaenh.dll
0x00007ffa64c60000 - 0x00007ffa64c85000 	C:\WINDOWS\SYSTEM32\bcrypt.dll
0x00007ffa2d7c0000 - 0x00007ffa2e928000 	C:\WINDOWS\System32\DriverStore\FileRepository\nvlei.inf_amd64_6c36b5089b6182e9\nvd3dumx.dll
0x0000000063030000 - 0x0000000063077000 	C:\Program Files\Java\jre1.8.0_144\bin\fontmanager.dll
0x00007ffa66a30000 - 0x00007ffa66ace000 	C:\WINDOWS\System32\clbcatq.dll
0x00007ffa61cb0000 - 0x00007ffa61e5c000 	C:\WINDOWS\SYSTEM32\WindowsCodecs.dll
0x00007ffa4ea90000 - 0x00007ffa4ead7000 	C:\WINDOWS\system32\dataexchange.dll
0x00007ffa62880000 - 0x00007ffa62b5f000 	C:\WINDOWS\system32\d3d11.dll
0x00007ffa631d0000 - 0x00007ffa632f2000 	C:\WINDOWS\system32\dcomp.dll
0x00007ffa63ff0000 - 0x00007ffa64094000 	C:\WINDOWS\system32\dxgi.dll
0x00007ffa63a90000 - 0x00007ffa63c00000 	C:\WINDOWS\system32\twinapi.appcore.dll
0x00000000630e0000 - 0x00000000630fa000 	C:\Program Files\Java\jre1.8.0_144\bin\net.dll
0x00007ffa64950000 - 0x00007ffa649ac000 	C:\WINDOWS\system32\mswsock.dll
0x00000000630c0000 - 0x00000000630d1000 	C:\Program Files\Java\jre1.8.0_144\bin\nio.dll
0x00000000624c0000 - 0x0000000062502000 	C:\Program Files\Java\jre1.8.0_144\bin\t2k.dll
0x00007ffa5fee0000 - 0x00007ffa5ff62000 	C:\WINDOWS\System32\TextInputFramework.dll
0x00007ffa618d0000 - 0x00007ffa61ba2000 	C:\WINDOWS\System32\CoreUIComponents.dll
0x00007ffa62790000 - 0x00007ffa62873000 	C:\WINDOWS\System32\CoreMessaging.dll
0x00007ffa642b0000 - 0x00007ffa642e1000 	C:\WINDOWS\SYSTEM32\ntmarta.dll
0x00007ffa61790000 - 0x00007ffa618c9000 	C:\WINDOWS\SYSTEM32\wintypes.dll
0x00007ffa61e60000 - 0x00007ffa61e75000 	C:\WINDOWS\SYSTEM32\usermgrcli.dll
0x00007ffa58eb0000 - 0x00007ffa58fa3000 	C:\WINDOWS\system32\msctfuimanager.dll
0x00007ffa58d00000 - 0x00007ffa58eab000 	C:\WINDOWS\system32\DUI70.dll
0x00007ffa59890000 - 0x00007ffa59923000 	C:\WINDOWS\system32\DUser.dll
0x00007ffa4ce60000 - 0x00007ffa4d025000 	C:\WINDOWS\SYSTEM32\UIAutomationCore.dll
0x00007ffa64f00000 - 0x00007ffa64f9a000 	C:\WINDOWS\SYSTEM32\sxs.dll
0x00007ffa5afd0000 - 0x00007ffa5b016000 	C:\WINDOWS\System32\UIAnimation.dll
0x00007ffa5b730000 - 0x00007ffa5b9ef000 	C:\WINDOWS\system32\dwrite.dll
0x0000000062030000 - 0x000000006205a000 	C:\Program Files\Java\jre1.8.0_144\bin\dcpr.dll
0x00007ffa5a0a0000 - 0x00007ffa5a128000 	C:\WINDOWS\system32\directmanipulation.dll
0x00007ffa5a940000 - 0x00007ffa5a975000 	C:\WINDOWS\system32\xmllite.dll
0x00007ffa45ae0000 - 0x00007ffa45db5000 	C:\WINDOWS\SYSTEM32\D3D10Warp.dll
0x00007ffa55340000 - 0x00007ffa554e9000 	C:\WINDOWS\SYSTEM32\dbghelp.dll

VM Arguments:
jvm_args: -Dfile.encoding=GBK 
java_command: nova.main.NovaMain
java_class_path (initial): E:\JavaProject\ZZXNOVA2.0\bin;E:\JavaProject\ZZXNOVA\jgraph-5.13.0.0.jar
Launcher Type: SUN_STANDARD

Environment Variables:
JAVA_HOME=C:\Program Files\Java\jdk1.8.0_144
CLASSPATH=.;C:\Program Files\Java\jdk1.8.0_144lib;C:\Program Files\Java\jdk1.8.0_144lib\tools.jar;D:\apache-ant-1.10.1\lib;
PATH=C:/Program Files/Java/jre1.8.0_144/bin/server;C:/Program Files/Java/jre1.8.0_144/bin;C:/Program Files/Java/jre1.8.0_144/lib/amd64;C:\ProgramData\Oracle\Java\javapath;C:\WINDOWS\system32;C:\WINDOWS;C:\WINDOWS\System32\Wbem;C:\WINDOWS\System32\WindowsPowerShell\v1.0\;C:\Program Files\Java\jdk1.8.0_144\bin;C:\Program Files\Java\jdk1.8.0_144\jre\bin;D:\TortoiseSVN\bin;D:\apache-maven-3.5.0\bin;D:\apache-ant-1.10.1\bin;D:\Subversion\bin;D:\condor\bin\;C:\Users\57853\AppData\Local\Programs\Python\Python35\Scripts\;C:\Users\57853\AppData\Local\Programs\Python\Python35\;C:\Users\57853\AppData\Local\Microsoft\WindowsApps;;D:\eclipse;
USERNAME=57853
OS=Windows_NT
PROCESSOR_IDENTIFIER=Intel64 Family 6 Model 58 Stepping 9, GenuineIntel



---------------  S Y S T E M  ---------------

OS: Windows 10.0 , 64 bit Build 15063 (10.0.15063.296)

CPU:total 4 (initial active 4) (4 cores per cpu, 1 threads per core) family 6 model 58 stepping 9, cmov, cx8, fxsr, mmx, sse, sse2, sse3, ssse3, sse4.1, sse4.2, popcnt, avx, aes, clmul, erms, tsc, tscinvbit, tscinv

Memory: 4k page, physical 4148944k(551684k free), swap 10465928k(2833704k free)

vm_info: Java HotSpot(TM) 64-Bit Server VM (25.144-b01) for windows-amd64 JRE (1.8.0_144-b01), built on Jul 21 2017 21:57:33 by "java_re" with MS VC++ 10.0 (VS2010)

time: Tue Nov 14 15:20:15 2017
elapsed time: 4 seconds (0d 0h 0m 4s)

